PRT1
4
4
16
4 0 2 0 (0 0 0 ) (0 0 160 ) (0 256 160 ) (0 256 0 ) 
4 0 1 0 (0 0 160 ) (0 0 0 ) (256 0 0 ) (256 0 160 ) 
4 1 3 0 (0 0 160 ) (0 0 0 ) (0 -256 0 ) (0 -256 160 ) 
4 2 3 0 (0 0 0 ) (0 0 160 ) (-256 0 160 ) (-256 0 0 ) 
4 0 (256 256 160 ) (256 256 0 ) (0 256 0 ) (0 256 160 ) 
4 0 (256 256 0 ) (256 256 160 ) (256 0 160 ) (256 0 0 ) 
4 0 (256 256 0 ) (256 0 0 ) (0 0 0 ) (0 256 0 ) 
4 0 (0 0 160 ) (256 0 160 ) (256 256 160 ) (0 256 160 ) 
4 1 (0 -256 160 ) (0 -256 0 ) (256 -256 0 ) (256 -256 160 ) 
4 1 (256 -256 160 ) (256 -256 0 ) (256 0 0 ) (256 0 160 ) 
4 1 (0 -256 0 ) (0 0 0 ) (256 0 0 ) (256 -256 0 ) 
4 1 (256 0 160 ) (0 0 160 ) (0 -256 160 ) (256 -256 160 ) 
4 2 (0 256 160 ) (0 256 0 ) (-256 256 0 ) (-256 256 160 ) 
4 2 (-256 0 0 ) (-256 0 160 ) (-256 256 160 ) (-256 256 0 ) 
4 2 (0 0 0 ) (-256 0 0 ) (-256 256 0 ) (0 256 0 ) 
4 2 (0 256 160 ) (-256 256 160 ) (-256 0 160 ) (0 0 160 ) 
4 3 (-256 -256 160 ) (-256 -256 0 ) (0 -256 0 ) (0 -256 160 ) 
4 3 (-256 0 160 ) (-256 0 0 ) (-256 -256 0 ) (-256 -256 160 ) 
4 3 (-256 -256 0 ) (-256 0 0 ) (0 0 0 ) (0 -256 0 ) 
4 3 (0 0 160 ) (-256 0 160 ) (-256 -256 160 ) (0 -256 160 ) 
